# JRE version: Java(TM) SE Runtime Environment (11.0.6+8) (build 11.0.6+8-LTS)
# Java VM: Java HotSpot(TM) 64-Bit Server VM (11.0.6+8-LTS, mixed mode, tiered, compressed oops, g1 gc, windows-amd64)
Heap:
 garbage-first heap   total 131072K, used 44954K [0x0000000081800000, 0x0000000100000000)
  region size 1024K, 40 young (40960K), 8 survivors (8192K)
 Metaspace       used 37207K, capacity 38546K, committed 38576K, reserved 1083392K
  class space    used 4585K, capacity 5106K, committed 5120K, reserved 1048576K
GC Heap History (10 events):
Event: 1.223 GC heap before
{Heap before GC invocations=0 (full 0):
 garbage-first heap   total 131072K, used 24576K [0x0000000081800000, 0x0000000100000000)
  region size 1024K, 24 young (24576K), 0 survivors (0K)
 Metaspace       used 15116K, capacity 15586K, committed 15616K, reserved 1062912K
  class space    used 1622K, capacity 1789K, committed 1792K, reserved 1048576K
}
Event: 1.230 GC heap after
{Heap after GC invocations=1 (full 0):
 garbage-first heap   total 131072K, used 5636K [0x0000000081800000, 0x0000000100000000)
  region size 1024K, 3 young (3072K), 3 survivors (3072K)
 Metaspace       used 15116K, capacity 15586K, committed 15616K, reserved 1062912K
  class space    used 1622K, capacity 1789K, committed 1792K, reserved 1048576K
}
Event: 1.427 GC heap before
{Heap before GC invocations=1 (full 0):
 garbage-first heap   total 131072K, used 24068K [0x0000000081800000, 0x0000000100000000)
  region size 1024K, 21 young (21504K), 3 survivors (3072K)
 Metaspace       used 18742K, capacity 19331K, committed 19584K, reserved 1067008K
  class space    used 2090K, capacity 2313K, committed 2432K, reserved 1048576K
}
Event: 1.431 GC heap after
{Heap after GC invocations=2 (full 0):
 garbage-first heap   total 131072K, used 7074K [0x0000000081800000, 0x0000000100000000)
  region size 1024K, 2 young (2048K), 2 survivors (2048K)
 Metaspace       used 18742K, capacity 19331K, committed 19584K, reserved 1067008K
  class space    used 2090K, capacity 2313K, committed 2432K, reserved 1048576K
}
Event: 1.523 GC heap before
{Heap before GC invocations=2 (full 0):
 garbage-first heap   total 131072K, used 18338K [0x0000000081800000, 0x0000000100000000)
  region size 1024K, 14 young (14336K), 2 survivors (2048K)
 Metaspace       used 20586K, capacity 21222K, committed 21296K, reserved 1069056K
  class space    used 2446K, capacity 2685K, committed 2688K, reserved 1048576K
}
Event: 1.527 GC heap after
{Heap after GC invocations=3 (full 0):
 garbage-first heap   total 131072K, used 7683K [0x0000000081800000, 0x0000000100000000)
  region size 1024K, 2 young (2048K), 2 survivors (2048K)
 Metaspace       used 20586K, capacity 21222K, committed 21296K, reserved 1069056K
  class space    used 2446K, capacity 2685K, committed 2688K, reserved 1048576K
}
Event: 2.225 GC heap before
{Heap before GC invocations=4 (full 0):
 garbage-first heap   total 131072K, used 65027K [0x0000000081800000, 0x0000000100000000)
  region size 1024K, 59 young (60416K), 2 survivors (2048K)
 Metaspace       used 28742K, capacity 29730K, committed 30000K, reserved 1075200K
  class space    used 3501K, capacity 3899K, committed 3968K, reserved 1048576K
}
Event: 2.231 GC heap after
{Heap after GC invocations=5 (full 0):
 garbage-first heap   total 131072K, used 10193K [0x0000000081800000, 0x0000000100000000)
  region size 1024K, 5 young (5120K), 5 survivors (5120K)
 Metaspace       used 28742K, capacity 29730K, committed 30000K, reserved 1075200K
  class space    used 3501K, capacity 3899K, committed 3968K, reserved 1048576K
}
Event: 2.953 GC heap before
{Heap before GC invocations=5 (full 0):
 garbage-first heap   total 131072K, used 48081K [0x0000000081800000, 0x0000000100000000)
  region size 1024K, 43 young (44032K), 5 survivors (5120K)
 Metaspace       used 34436K, capacity 35630K, committed 35708K, reserved 1081344K
  class space    used 4228K, capacity 4733K, committed 4736K, reserved 1048576K
}
Event: 2.960 GC heap after
{Heap after GC invocations=6 (full 0):
 garbage-first heap   total 131072K, used 13210K [0x0000000081800000, 0x0000000100000000)
  region size 1024K, 8 young (8192K), 8 survivors (8192K)
 Metaspace       used 34436K, capacity 35630K, committed 35708K, reserved 1081344K
  class space    used 4228K, capacity 4733K, committed 4736K, reserved 1048576K
}

